2018.08.02 18:54 B C:\Users\admin.DESKTOP-G1G4HEK\Documents\Blockchain\ganache\pet-shop-tutorial\src\images\boxer.jpeg --> javascript-tutor.net /domains/javascript-tutor.net/public_html/blockchain/download/src/images boxer.jpeg
2018.08.02 18:54 B C:\Users\admin.DESKTOP-G1G4HEK\Documents\Blockchain\ganache\pet-shop-tutorial\src\images\cat1.jpg --> javascript-tutor.net /domains/javascript-tutor.net/public_html/blockchain/download/src/images cat1.jpg
2018.08.02 18:54 B C:\Users\admin.DESKTOP-G1G4HEK\Documents\Blockchain\ganache\pet-shop-tutorial\src\images\cat10.jpg --> javascript-tutor.net /domains/javascript-tutor.net/public_html/blockchain/download/src/images cat10.jpg
2018.08.02 18:54 B C:\Users\admin.DESKTOP-G1G4HEK\Documents\Blockchain\ganache\pet-shop-tutorial\src\images\cat11.jpg --> javascript-tutor.net /domains/javascript-tutor.net/public_html/blockchain/download/src/images cat11.jpg
2018.08.02 18:54 B C:\Users\admin.DESKTOP-G1G4HEK\Documents\Blockchain\ganache\pet-shop-tutorial\src\images\cat12.jpg --> javascript-tutor.net /domains/javascript-tutor.net/public_html/blockchain/download/src/images cat12.jpg
2018.08.02 18:54 B C:\Users\admin.DESKTOP-G1G4HEK\Documents\Blockchain\ganache\pet-shop-tutorial\src\images\cat13.jpg --> javascript-tutor.net /domains/javascript-tutor.net/public_html/blockchain/download/src/images cat13.jpg
2018.08.02 18:54 B C:\Users\admin.DESKTOP-G1G4HEK\Documents\Blockchain\ganache\pet-shop-tutorial\src\images\cat14.jpg --> javascript-tutor.net /domains/javascript-tutor.net/public_html/blockchain/download/src/images cat14.jpg
2018.08.02 18:54 B C:\Users\admin.DESKTOP-G1G4HEK\Documents\Blockchain\ganache\pet-shop-tutorial\src\images\cat15.jpg --> javascript-tutor.net /domains/javascript-tutor.net/public_html/blockchain/download/src/images cat15.jpg
2018.08.02 18:54 B C:\Users\admin.DESKTOP-G1G4HEK\Documents\Blockchain\ganache\pet-shop-tutorial\src\images\cat16.jpg --> javascript-tutor.net /domains/javascript-tutor.net/public_html/blockchain/download/src/images cat16.jpg
2018.08.02 18:54 B C:\Users\admin.DESKTOP-G1G4HEK\Documents\Blockchain\ganache\pet-shop-tutorial\src\images\cat2.jpg --> javascript-tutor.net /domains/javascript-tutor.net/public_html/blockchain/download/src/images cat2.jpg
2018.08.02 18:54 B C:\Users\admin.DESKTOP-G1G4HEK\Documents\Blockchain\ganache\pet-shop-tutorial\src\images\cat3.jpg --> javascript-tutor.net /domains/javascript-tutor.net/public_html/blockchain/download/src/images cat3.jpg
2018.08.02 18:54 B C:\Users\admin.DESKTOP-G1G4HEK\Documents\Blockchain\ganache\pet-shop-tutorial\src\images\cat4.jpg --> javascript-tutor.net /domains/javascript-tutor.net/public_html/blockchain/download/src/images cat4.jpg
2018.08.02 18:54 B C:\Users\admin.DESKTOP-G1G4HEK\Documents\Blockchain\ganache\pet-shop-tutorial\src\images\cat5.jpg --> javascript-tutor.net /domains/javascript-tutor.net/public_html/blockchain/download/src/images cat5.jpg
2018.08.02 18:54 B C:\Users\admin.DESKTOP-G1G4HEK\Documents\Blockchain\ganache\pet-shop-tutorial\src\images\cat6.jpg --> javascript-tutor.net /domains/javascript-tutor.net/public_html/blockchain/download/src/images cat6.jpg
2018.08.02 18:54 B C:\Users\admin.DESKTOP-G1G4HEK\Documents\Blockchain\ganache\pet-shop-tutorial\src\images\cat7.jpg --> javascript-tutor.net /domains/javascript-tutor.net/public_html/blockchain/download/src/images cat7.jpg
2018.08.02 18:54 B C:\Users\admin.DESKTOP-G1G4HEK\Documents\Blockchain\ganache\pet-shop-tutorial\src\images\cat8.jpg --> javascript-tutor.net /domains/javascript-tutor.net/public_html/blockchain/download/src/images cat8.jpg
2018.08.02 18:54 B C:\Users\admin.DESKTOP-G1G4HEK\Documents\Blockchain\ganache\pet-shop-tutorial\src\images\cat9.jpg --> javascript-tutor.net /domains/javascript-tutor.net/public_html/blockchain/download/src/images cat9.jpg
2018.08.02 18:54 B C:\Users\admin.DESKTOP-G1G4HEK\Documents\Blockchain\ganache\pet-shop-tutorial\src\images\french-bulldog.jpeg --> javascript-tutor.net /domains/javascript-tutor.net/public_html/blockchain/download/src/images french-bulldog.jpeg
2018.08.02 18:54 B C:\Users\admin.DESKTOP-G1G4HEK\Documents\Blockchain\ganache\pet-shop-tutorial\src\images\golden-retriever.jpeg --> javascript-tutor.net /domains/javascript-tutor.net/public_html/blockchain/download/src/images golden-retriever.jpeg
2018.08.02 18:54 B C:\Users\admin.DESKTOP-G1G4HEK\Documents\Blockchain\ganache\pet-shop-tutorial\src\images\scottish-terrier.jpeg --> javascript-tutor.net /domains/javascript-tutor.net/public_html/blockchain/download/src/images scottish-terrier.jpeg
2018.08.02 18:54 B C:\Users\admin.DESKTOP-G1G4HEK\Documents\Blockchain\ganache\pet-shop-tutorial\src\images\ZN6711.pdf --> javascript-tutor.net /domains/javascript-tutor.net/public_html/blockchain/download/src/images ZN6711.pdf
